<?xml version="1.0" encoding="UTF-8"?>
<!-- Generated by org.testng.reporters.JUnitReportReporter -->
<testsuite hostname="RVSKCH542LT" failures="0" tests="2" name="com.obs.tests.LoginTest" time="0.801" errors="0" timestamp="2022-06-13T13:27:05 IST" skipped="0">
  <testcase classname="com.obs.tests.LoginTest" name="verifyEmptyLogin" time="0.469"/>
  <system-out/>
  <testcase classname="com.obs.tests.LoginTest" name="verifyInValidLogin" time="0.332"/>
  <system-out/>
</testsuite> <!-- com.obs.tests.LoginTest -->
